no change     /gpfsnyu/packages/anaconda3/5.2.0/condabin/conda
no change     /gpfsnyu/packages/anaconda3/5.2.0/bin/conda
no change     /gpfsnyu/packages/anaconda3/5.2.0/bin/conda-env
no change     /gpfsnyu/packages/anaconda3/5.2.0/bin/activate
no change     /gpfsnyu/packages/anaconda3/5.2.0/bin/deactivate
no change     /gpfsnyu/packages/anaconda3/5.2.0/etc/profile.d/conda.sh
no change     /gpfsnyu/packages/anaconda3/5.2.0/etc/fish/conf.d/conda.fish
no change     /gpfsnyu/packages/anaconda3/5.2.0/shell/condabin/Conda.psm1
no change     /gpfsnyu/packages/anaconda3/5.2.0/shell/condabin/conda-hook.ps1
no change     /gpfsnyu/packages/anaconda3/5.2.0/lib/python3.6/site-packages/xontrib/conda.xsh
no change     /gpfsnyu/packages/anaconda3/5.2.0/etc/profile.d/conda.csh
no change     /gpfsnyu/home/xl3133/.bashrc
No action taken.
/gpfsnyu/home/xl3133/.conda/envs/mlfd/bin/python
Mon Nov  7 10:30:48 2022       
+-----------------------------------------------------------------------------+
| NVIDIA-SMI 515.65.01    Driver Version: 515.65.01    CUDA Version: 11.7     |
|-------------------------------+----------------------+----------------------+
| GPU  Name        Persistence-M| Bus-Id        Disp.A | Volatile Uncorr. ECC |
| Fan  Temp  Perf  Pwr:Usage/Cap|         Memory-Usage | GPU-Util  Compute M. |
|                               |                      |               MIG M. |
|===============================+======================+======================|
|   0  NVIDIA GeForce ...  On   | 00000000:88:00.0 Off |                  N/A |
| 27%   26C    P8     1W / 250W |      0MiB / 11264MiB |      0%      Default |
|                               |                      |                  N/A |
+-------------------------------+----------------------+----------------------+
                                                                               
+-----------------------------------------------------------------------------+
| Processes:                                                                  |
|  GPU   GI   CI        PID   Type   Process name                  GPU Memory |
|        ID   ID                                                   Usage      |
|=============================================================================|
|  No running processes found                                                 |
+-----------------------------------------------------------------------------+
---------------------------------
| rollout/           |          |
|    ep_len_mean     | 1e+04    |
|    ep_rew_mean     | 3.68e+03 |
| time/              |          |
|    episodes        | 119      |
|    fps             | 29       |
|    time_elapsed    | 39849    |
|    total_timesteps | 1190000  |
| train/             |          |
|    actor_loss      | -36.4    |
|    critic_loss     | 0.132    |
|    learning_rate   | 0.001    |
|    n_updates       | 1180000  |
---------------------------------
---------------------------------
| rollout/           |          |
|    ep_len_mean     | 1e+04    |
|    ep_rew_mean     | 3.68e+03 |
| time/              |          |
|    episodes        | 120      |
|    fps             | 29       |
|    time_elapsed    | 40185    |
|    total_timesteps | 1200000  |
| train/             |          |
|    actor_loss      | -36.4    |
|    critic_loss     | 0.136    |
|    learning_rate   | 0.001    |
|    n_updates       | 1190000  |
---------------------------------
---------------------------------
| rollout/           |          |
|    ep_len_mean     | 1e+04    |
|    ep_rew_mean     | 3.68e+03 |
| time/              |          |
|    episodes        | 121      |
|    fps             | 29       |
|    time_elapsed    | 40521    |
|    total_timesteps | 1210000  |
| train/             |          |
|    actor_loss      | -36.4    |
|    critic_loss     | 0.125    |
|    learning_rate   | 0.001    |
|    n_updates       | 1200000  |
---------------------------------
---------------------------------
| rollout/           |          |
|    ep_len_mean     | 1e+04    |
|    ep_rew_mean     | 3.68e+03 |
| time/              |          |
|    episodes        | 122      |
|    fps             | 29       |
|    time_elapsed    | 40858    |
|    total_timesteps | 1220000  |
| train/             |          |
|    actor_loss      | -36.4    |
|    critic_loss     | 0.142    |
|    learning_rate   | 0.001    |
|    n_updates       | 1210000  |
---------------------------------
---------------------------------
| rollout/           |          |
|    ep_len_mean     | 1e+04    |
|    ep_rew_mean     | 3.68e+03 |
| time/              |          |
|    episodes        | 123      |
|    fps             | 29       |
|    time_elapsed    | 41195    |
|    total_timesteps | 1230000  |
| train/             |          |
|    actor_loss      | -36.4    |
|    critic_loss     | 0.157    |
|    learning_rate   | 0.001    |
|    n_updates       | 1220000  |
---------------------------------
---------------------------------
| rollout/           |          |
|    ep_len_mean     | 1e+04    |
|    ep_rew_mean     | 3.68e+03 |
| time/              |          |
|    episodes        | 124      |
|    fps             | 29       |
|    time_elapsed    | 41533    |
|    total_timesteps | 1240000  |
| train/             |          |
|    actor_loss      | -36.4    |
|    critic_loss     | 0.166    |
|    learning_rate   | 0.001    |
|    n_updates       | 1230000  |
---------------------------------
---------------------------------
| rollout/           |          |
|    ep_len_mean     | 1e+04    |
|    ep_rew_mean     | 3.68e+03 |
| time/              |          |
|    episodes        | 125      |
|    fps             | 29       |
|    time_elapsed    | 41871    |
|    total_timesteps | 1250000  |
| train/             |          |
|    actor_loss      | -36.4    |
|    critic_loss     | 0.142    |
|    learning_rate   | 0.001    |
|    n_updates       | 1240000  |
---------------------------------
---------------------------------
| rollout/           |          |
|    ep_len_mean     | 1e+04    |
|    ep_rew_mean     | 3.68e+03 |
| time/              |          |
|    episodes        | 126      |
|    fps             | 29       |
|    time_elapsed    | 42208    |
|    total_timesteps | 1260000  |
| train/             |          |
|    actor_loss      | -36.4    |
|    critic_loss     | 0.144    |
|    learning_rate   | 0.001    |
|    n_updates       | 1250000  |
---------------------------------
---------------------------------
| rollout/           |          |
|    ep_len_mean     | 1e+04    |
|    ep_rew_mean     | 3.68e+03 |
| time/              |          |
|    episodes        | 127      |
|    fps             | 29       |
|    time_elapsed    | 42546    |
|    total_timesteps | 1270000  |
| train/             |          |
|    actor_loss      | -36.4    |
|    critic_loss     | 0.113    |
|    learning_rate   | 0.001    |
|    n_updates       | 1260000  |
---------------------------------
---------------------------------
| rollout/           |          |
|    ep_len_mean     | 1e+04    |
|    ep_rew_mean     | 3.68e+03 |
| time/              |          |
|    episodes        | 128      |
|    fps             | 29       |
|    time_elapsed    | 42885    |
|    total_timesteps | 1280000  |
| train/             |          |
|    actor_loss      | -36.4    |
|    critic_loss     | 0.128    |
|    learning_rate   | 0.001    |
|    n_updates       | 1270000  |
---------------------------------
